# JRE version: Java(TM) SE Runtime Environment (7.0_79-b15) (build 1.7.0_79-b15)
# Java VM: Java HotSpot(TM) 64-Bit Server VM (24.79-b02 mixed mode windows-amd64 compressed oops)
Heap
 PSYoungGen      total 116736K, used 28603K [0x00000000f5500000, 0x0000000100000000, 0x0000000100000000)
  eden space 58368K, 49% used [0x00000000f5500000,0x00000000f70eefb0,0x00000000f8e00000)
  from space 58368K, 0% used [0x00000000f8e00000,0x00000000f8e00000,0x00000000fc700000)
  to   space 58368K, 0% used [0x00000000fc700000,0x00000000fc700000,0x0000000100000000)
 ParOldGen       total 162304K, used 145026K [0x00000000e0000000, 0x00000000e9e80000, 0x00000000f5500000)
  object space 162304K, 89% used [0x00000000e0000000,0x00000000e8da0930,0x00000000e9e80000)
 PSPermGen       total 31744K, used 18209K [0x00000000dae00000, 0x00000000dcd00000, 0x00000000e0000000)
  object space 31744K, 57% used [0x00000000dae00000,0x00000000dbfc8560,0x00000000dcd00000)
GC Heap History (10 events):
Event: 26.515 GC heap before
{Heap before GC invocations=13 (full 2):
 PSYoungGen      total 95232K, used 95201K [0x00000000f5500000, 0x0000000100000000, 0x0000000100000000)
  eden space 58368K, 100% used [0x00000000f5500000,0x00000000f8e00000,0x00000000f8e00000)
  from space 36864K, 99% used [0x00000000fdc00000,0x00000000ffff85e8,0x0000000100000000)
  to   space 58368K, 0% used [0x00000000f8e00000,0x00000000f8e00000,0x00000000fc700000)
 ParOldGen       total 162304K, used 120599K [0x00000000e0000000, 0x00000000e9e80000, 0x00000000f5500000)
  object space 162304K, 74% used [0x00000000e0000000,0x00000000e75c5f18,0x00000000e9e80000)
 PSPermGen       total 33280K, used 17888K [0x00000000dae00000, 0x00000000dce80000, 0x00000000e0000000)
  object space 33280K, 53% used [0x00000000dae00000,0x00000000dbf78220,0x00000000dce80000)
Event: 26.617 GC heap after
Heap after GC invocations=13 (full 2):
 PSYoungGen      total 116736K, used 11933K [0x00000000f5500000, 0x0000000100000000, 0x0000000100000000)
  eden space 58368K, 0% used [0x00000000f5500000,0x00000000f5500000,0x00000000f8e00000)
  from space 58368K, 20% used [0x00000000f8e00000,0x00000000f99a7758,0x00000000fc700000)
  to   space 58368K, 0% used [0x00000000fc700000,0x00000000fc700000,0x0000000100000000)
 ParOldGen       total 162304K, used 157887K [0x00000000e0000000, 0x00000000e9e80000, 0x00000000f5500000)
  object space 162304K, 97% used [0x00000000e0000000,0x00000000e9a2ff40,0x00000000e9e80000)
 PSPermGen       total 33280K, used 17888K [0x00000000dae00000, 0x00000000dce80000, 0x00000000e0000000)
  object space 33280K, 53% used [0x00000000dae00000,0x00000000dbf78220,0x00000000dce80000)
}
Event: 26.617 GC heap before
{Heap before GC invocations=14 (full 3):
 PSYoungGen      total 116736K, used 11933K [0x00000000f5500000, 0x0000000100000000, 0x0000000100000000)
  eden space 58368K, 0% used [0x00000000f5500000,0x00000000f5500000,0x00000000f8e00000)
  from space 58368K, 20% used [0x00000000f8e00000,0x00000000f99a7758,0x00000000fc700000)
  to   space 58368K, 0% used [0x00000000fc700000,0x00000000fc700000,0x0000000100000000)
 ParOldGen       total 162304K, used 157887K [0x00000000e0000000, 0x00000000e9e80000, 0x00000000f5500000)
  object space 162304K, 97% used [0x00000000e0000000,0x00000000e9a2ff40,0x00000000e9e80000)
 PSPermGen       total 33280K, used 17888K [0x00000000dae00000, 0x00000000dce80000, 0x00000000e0000000)
  object space 33280K, 53% used [0x00000000dae00000,0x00000000dbf78220,0x00000000dce80000)
Event: 27.141 GC heap after
Heap after GC invocations=14 (full 3):
 PSYoungGen      total 116736K, used 0K [0x00000000f5500000, 0x0000000100000000, 0x0000000100000000)
  eden space 58368K, 0% used [0x00000000f5500000,0x00000000f5500000,0x00000000f8e00000)
  from space 58368K, 0% used [0x00000000f8e00000,0x00000000f8e00000,0x00000000fc700000)
  to   space 58368K, 0% used [0x00000000fc700000,0x00000000fc700000,0x0000000100000000)
 ParOldGen       total 162304K, used 146689K [0x00000000e0000000, 0x00000000e9e80000, 0x00000000f5500000)
  object space 162304K, 90% used [0x00000000e0000000,0x00000000e8f40770,0x00000000e9e80000)
 PSPermGen       total 34304K, used 17882K [0x00000000dae00000, 0x00000000dcf80000, 0x00000000e0000000)
  object space 34304K, 52% used [0x00000000dae00000,0x00000000dbf76860,0x00000000dcf80000)
}
Event: 28.378 GC heap before
{Heap before GC invocations=15 (full 4):
 PSYoungGen      total 116736K, used 58368K [0x00000000f5500000, 0x0000000100000000, 0x0000000100000000)
  eden space 58368K, 100% used [0x00000000f5500000,0x00000000f8e00000,0x00000000f8e00000)
  from space 58368K, 0% used [0x00000000f8e00000,0x00000000f8e00000,0x00000000fc700000)
  to   space 58368K, 0% used [0x00000000fc700000,0x00000000fc700000,0x0000000100000000)
 ParOldGen       total 162304K, used 146689K [0x00000000e0000000, 0x00000000e9e80000, 0x00000000f5500000)
  object space 162304K, 90% used [0x00000000e0000000,0x00000000e8f40770,0x00000000e9e80000)
 PSPermGen       total 34304K, used 18060K [0x00000000dae00000, 0x00000000dcf80000, 0x00000000e0000000)
  object space 34304K, 52% used [0x00000000dae00000,0x00000000dbfa3100,0x00000000dcf80000)
Event: 28.979 GC heap after
Heap after GC invocations=15 (full 4):
 PSYoungGen      total 116736K, used 0K [0x00000000f5500000, 0x0000000100000000, 0x0000000100000000)
  eden space 58368K, 0% used [0x00000000f5500000,0x00000000f5500000,0x00000000f8e00000)
  from space 58368K, 0% used [0x00000000f8e00000,0x00000000f8e00000,0x00000000fc700000)
  to   space 58368K, 0% used [0x00000000fc700000,0x00000000fc700000,0x0000000100000000)
 ParOldGen       total 162304K, used 145120K [0x00000000e0000000, 0x00000000e9e80000, 0x00000000f5500000)
  object space 162304K, 89% used [0x00000000e0000000,0x00000000e8db80b0,0x00000000e9e80000)
 PSPermGen       total 33792K, used 18057K [0x00000000dae00000, 0x00000000dcf00000, 0x00000000e0000000)
  object space 33792K, 53% used [0x00000000dae00000,0x00000000dbfa27c0,0x00000000dcf00000)
}
Event: 30.038 GC heap before
{Heap before GC invocations=16 (full 5):
 PSYoungGen      total 116736K, used 58368K [0x00000000f5500000, 0x0000000100000000, 0x0000000100000000)
  eden space 58368K, 100% used [0x00000000f5500000,0x00000000f8e00000,0x00000000f8e00000)
  from space 58368K, 0% used [0x00000000f8e00000,0x00000000f8e00000,0x00000000fc700000)
  to   space 58368K, 0% used [0x00000000fc700000,0x00000000fc700000,0x0000000100000000)
 ParOldGen       total 162304K, used 145120K [0x00000000e0000000, 0x00000000e9e80000, 0x00000000f5500000)
  object space 162304K, 89% used [0x00000000e0000000,0x00000000e8db80b0,0x00000000e9e80000)
 PSPermGen       total 33792K, used 18156K [0x00000000dae00000, 0x00000000dcf00000, 0x00000000e0000000)
  object space 33792K, 53% used [0x00000000dae00000,0x00000000dbfbb048,0x00000000dcf00000)
Event: 30.600 GC heap after
Heap after GC invocations=16 (full 5):
 PSYoungGen      total 116736K, used 0K [0x00000000f5500000, 0x0000000100000000, 0x0000000100000000)
  eden space 58368K, 0% used [0x00000000f5500000,0x00000000f5500000,0x00000000f8e00000)
  from space 58368K, 0% used [0x00000000f8e00000,0x00000000f8e00000,0x00000000fc700000)
  to   space 58368K, 0% used [0x00000000fc700000,0x00000000fc700000,0x0000000100000000)
 ParOldGen       total 162304K, used 144677K [0x00000000e0000000, 0x00000000e9e80000, 0x00000000f5500000)
  object space 162304K, 89% used [0x00000000e0000000,0x00000000e8d49580,0x00000000e9e80000)
 PSPermGen       total 32768K, used 18154K [0x00000000dae00000, 0x00000000dce00000, 0x00000000e0000000)
  object space 32768K, 55% used [0x00000000dae00000,0x00000000dbfbabe8,0x00000000dce00000)
}
Event: 31.410 GC heap before
{Heap before GC invocations=17 (full 6):
 PSYoungGen      total 116736K, used 58368K [0x00000000f5500000, 0x0000000100000000, 0x0000000100000000)
  eden space 58368K, 100% used [0x00000000f5500000,0x00000000f8e00000,0x00000000f8e00000)
  from space 58368K, 0% used [0x00000000f8e00000,0x00000000f8e00000,0x00000000fc700000)
  to   space 58368K, 0% used [0x00000000fc700000,0x00000000fc700000,0x0000000100000000)
 ParOldGen       total 162304K, used 144677K [0x00000000e0000000, 0x00000000e9e80000, 0x00000000f5500000)
  object space 162304K, 89% used [0x00000000e0000000,0x00000000e8d49580,0x00000000e9e80000)
 PSPermGen       total 32768K, used 18187K [0x00000000dae00000, 0x00000000dce00000, 0x00000000e0000000)
  object space 32768K, 55% used [0x00000000dae00000,0x00000000dbfc2e70,0x00000000dce00000)
Event: 31.944 GC heap after
Heap after GC invocations=17 (full 6):
 PSYoungGen      total 116736K, used 0K [0x00000000f5500000, 0x0000000100000000, 0x0000000100000000)
  eden space 58368K, 0% used [0x00000000f5500000,0x00000000f5500000,0x00000000f8e00000)
  from space 58368K, 0% used [0x00000000f8e00000,0x00000000f8e00000,0x00000000fc700000)
  to   space 58368K, 0% used [0x00000000fc700000,0x00000000fc700000,0x0000000100000000)
 ParOldGen       total 162304K, used 145026K [0x00000000e0000000, 0x00000000e9e80000, 0x00000000f5500000)
  object space 162304K, 89% used [0x00000000e0000000,0x00000000e8da0930,0x00000000e9e80000)
 PSPermGen       total 31744K, used 18186K [0x00000000dae00000, 0x00000000dcd00000, 0x00000000e0000000)
  object space 31744K, 57% used [0x00000000dae00000,0x00000000dbfc2a10,0x00000000dcd00000)
}

